error: undefined {"code":11000,"index":0,"keyPattern":{"code":1},"keyValue":{"code":"123"}}
error: undefined {"code":11000,"index":0,"keyPattern":{"code":1},"keyValue":{"code":"123123"}}
error: undefined {"code":11000,"index":0,"keyPattern":{"code":1},"keyValue":{"code":"123123"}}
error: undefined {"code":11000,"index":0,"keyPattern":{"code":1},"keyValue":{"code":"123"}}
error: undefined {"code":11000,"index":0,"keyPattern":{"code":1},"keyValue":{"code":"123"}}
error: undefined {"code":11000,"index":0,"keyPattern":{"code":1},"keyValue":{"code":"123"}}
error: undefined {"code":11000,"index":0,"keyPattern":{"code":1},"keyValue":{"code":"123"}}
error: undefined {"code":11000,"index":0,"keyPattern":{"code":1},"keyValue":{"code":"123"}}
error: undefined {"code":11000,"index":0,"keyPattern":{"code":1},"keyValue":{"code":"123"}}
error: undefined {"code":11000,"index":0,"keyPattern":{"code":1},"keyValue":{"code":"123"}}
error: undefined
error: undefined
error: undefined {"kind":"Number","path":"stock","reason":{"actual":false,"code":"ERR_ASSERTION","expected":true,"generatedMessage":true,"operator":"=="},"stringValue":"\"asc\"","value":"asc","valueType":"string"}
error: undefined {"_message":"Products validation failed","errors":{"category":{"kind":"required","message":"Path `category` is required.","name":"ValidatorError","path":"category","properties":{"message":"Path `category` is required.","path":"category","type":"required"}},"code":{"kind":"required","message":"Path `code` is required.","name":"ValidatorError","path":"code","properties":{"message":"Path `code` is required.","path":"code","type":"required"}},"description":{"kind":"required","message":"Path `description` is required.","name":"ValidatorError","path":"description","properties":{"message":"Path `description` is required.","path":"description","type":"required"}},"price":{"kind":"required","message":"Path `price` is required.","name":"ValidatorError","path":"price","properties":{"message":"Path `price` is required.","path":"price","type":"required"}},"stock":{"kind":"required","message":"Path `stock` is required.","name":"ValidatorError","path":"stock","properties":{"message":"Path `stock` is required.","path":"stock","type":"required"}},"title":{"kind":"required","message":"Path `title` is required.","name":"ValidatorError","path":"title","properties":{"message":"Path `title` is required.","path":"title","type":"required"}}}}
error: undefined {"code":11000,"index":0,"keyPattern":{"title":1},"keyValue":{"title":"11111111"}}
error: undefined {"code":11000,"index":0,"keyPattern":{"title":1},"keyValue":{"title":"111111111"}}
error: undefined {"code":11000,"index":0,"keyPattern":{"title":1},"keyValue":{"title":"111111111"}}
error: undefined {"kind":"Number","path":"stock","reason":{"actual":false,"code":"ERR_ASSERTION","expected":true,"generatedMessage":true,"operator":"=="},"stringValue":"\"NaN\"","value":null,"valueType":"number"}
error: undefined {"kind":"ObjectId","path":"_id","reason":{},"stringValue":"\"{ uid: '64cbd6538b6b704d268554c9' }\"","value":{"uid":"64cbd6538b6b704d268554c9"},"valueType":"Object"}
error: undefined
error: undefined
error: undefined
error: undefined
error: undefined
error: undefined
error: undefined
error: Error in auth github
error: undefined {"_message":"users validation failed","errors":{"last_connection":{"kind":"required","message":"Path `last_connection` is required.","name":"ValidatorError","path":"last_connection","properties":{"message":"Path `last_connection` is required.","path":"last_connection","type":"required"}}}}
error: Error in auth github
error: undefined {"_message":"users validation failed","errors":{"last_connection":{"kind":"required","message":"Path `last_connection` is required.","name":"ValidatorError","path":"last_connection","properties":{"message":"Path `last_connection` is required.","path":"last_connection","type":"required"}}}}
error: Error in auth github
error: undefined {"_message":"users validation failed","errors":{"last_connection":{"kind":"required","message":"Path `last_connection` is required.","name":"ValidatorError","path":"last_connection","properties":{"message":"Path `last_connection` is required.","path":"last_connection","type":"required"}}}}
