error: undefined {"code":11000,"index":0,"keyPattern":{"code":1},"keyValue":{"code":"123"}}
error: undefined {"code":11000,"index":0,"keyPattern":{"code":1},"keyValue":{"code":"123123"}}
error: undefined {"code":11000,"index":0,"keyPattern":{"code":1},"keyValue":{"code":"123123"}}
error: undefined {"code":11000,"index":0,"keyPattern":{"code":1},"keyValue":{"code":"123"}}
error: undefined {"code":11000,"index":0,"keyPattern":{"code":1},"keyValue":{"code":"123"}}
error: undefined {"code":11000,"index":0,"keyPattern":{"code":1},"keyValue":{"code":"123"}}
error: undefined {"code":11000,"index":0,"keyPattern":{"code":1},"keyValue":{"code":"123"}}
error: undefined {"code":11000,"index":0,"keyPattern":{"code":1},"keyValue":{"code":"123"}}
error: undefined {"code":11000,"index":0,"keyPattern":{"code":1},"keyValue":{"code":"123"}}
error: undefined {"code":11000,"index":0,"keyPattern":{"code":1},"keyValue":{"code":"123"}}
error: undefined
error: undefined
error: undefined {"kind":"Number","path":"stock","reason":{"actual":false,"code":"ERR_ASSERTION","expected":true,"generatedMessage":true,"operator":"=="},"stringValue":"\"asc\"","value":"asc","valueType":"string"}
error: undefined {"_message":"Products validation failed","errors":{"category":{"kind":"required","message":"Path `category` is required.","name":"ValidatorError","path":"category","properties":{"message":"Path `category` is required.","path":"category","type":"required"}},"code":{"kind":"required","message":"Path `code` is required.","name":"ValidatorError","path":"code","properties":{"message":"Path `code` is required.","path":"code","type":"required"}},"description":{"kind":"required","message":"Path `description` is required.","name":"ValidatorError","path":"description","properties":{"message":"Path `description` is required.","path":"description","type":"required"}},"price":{"kind":"required","message":"Path `price` is required.","name":"ValidatorError","path":"price","properties":{"message":"Path `price` is required.","path":"price","type":"required"}},"stock":{"kind":"required","message":"Path `stock` is required.","name":"ValidatorError","path":"stock","properties":{"message":"Path `stock` is required.","path":"stock","type":"required"}},"title":{"kind":"required","message":"Path `title` is required.","name":"ValidatorError","path":"title","properties":{"message":"Path `title` is required.","path":"title","type":"required"}}}}
error: undefined {"code":11000,"index":0,"keyPattern":{"title":1},"keyValue":{"title":"11111111"}}
error: undefined {"code":11000,"index":0,"keyPattern":{"title":1},"keyValue":{"title":"111111111"}}
error: undefined {"code":11000,"index":0,"keyPattern":{"title":1},"keyValue":{"title":"111111111"}}
error: undefined {"kind":"Number","path":"stock","reason":{"actual":false,"code":"ERR_ASSERTION","expected":true,"generatedMessage":true,"operator":"=="},"stringValue":"\"NaN\"","value":null,"valueType":"number"}
error: undefined {"kind":"ObjectId","path":"_id","reason":{},"stringValue":"\"{ uid: '64cbd6538b6b704d268554c9' }\"","value":{"uid":"64cbd6538b6b704d268554c9"},"valueType":"Object"}
error: undefined
error: undefined
error: undefined
error: undefined
error: undefined
error: undefined
error: undefined
error: Error in auth github
error: undefined {"_message":"users validation failed","errors":{"last_connection":{"kind":"required","message":"Path `last_connection` is required.","name":"ValidatorError","path":"last_connection","properties":{"message":"Path `last_connection` is required.","path":"last_connection","type":"required"}}}}
error: Error in auth github
error: undefined {"_message":"users validation failed","errors":{"last_connection":{"kind":"required","message":"Path `last_connection` is required.","name":"ValidatorError","path":"last_connection","properties":{"message":"Path `last_connection` is required.","path":"last_connection","type":"required"}}}}
error: Error in auth github
error: undefined {"_message":"users validation failed","errors":{"last_connection":{"kind":"required","message":"Path `last_connection` is required.","name":"ValidatorError","path":"last_connection","properties":{"message":"Path `last_connection` is required.","path":"last_connection","type":"required"}}}}
error: Error in auth github
error: undefined {"_message":"users validation failed","errors":{"last_connection":{"kind":"required","message":"Path `last_connection` is required.","name":"ValidatorError","path":"last_connection","properties":{"message":"Path `last_connection` is required.","path":"last_connection","type":"required"}}}}
error: Error in auth github
error: undefined {"_message":"users validation failed","errors":{"last_connection":{"kind":"required","message":"Path `last_connection` is required.","name":"ValidatorError","path":"last_connection","properties":{"message":"Path `last_connection` is required.","path":"last_connection","type":"required"}}}}
error: Error in auth github
error: undefined {"_message":"users validation failed","errors":{"last_connection":{"kind":"required","message":"Path `last_connection` is required.","name":"ValidatorError","path":"last_connection","properties":{"message":"Path `last_connection` is required.","path":"last_connection","type":"required"}}}}
error: Error in auth github
error: undefined {"_message":"users validation failed","errors":{"last_connection":{"kind":"required","message":"Path `last_connection` is required.","name":"ValidatorError","path":"last_connection","properties":{"message":"Path `last_connection` is required.","path":"last_connection","type":"required"}}}}
error: Error in auth github
error: undefined {"_message":"users validation failed","errors":{"last_connection":{"kind":"required","message":"Path `last_connection` is required.","name":"ValidatorError","path":"last_connection","properties":{"message":"Path `last_connection` is required.","path":"last_connection","type":"required"}}}}
error: undefined {"code":11000,"index":0,"keyPattern":{"title":1},"keyValue":{"title":"555"}}
error: undefined {"code":11000,"index":0,"keyPattern":{"code":1},"keyValue":{"code":"555"}}
error: undefined
error: undefined
error: undefined
error: undefined
error: undefined
error: undefined
error: undefined
error: undefined
error: undefined
error: undefined
error: undefined
error: undefined
error: undefined
error: undefined
error: undefined
error: undefined
error: undefined
error: undefined
error: undefined
error: undefined
error: undefined
error: undefined
error: undefined
error: undefined {"code":"ERR_HTTP_HEADERS_SENT"}
error: Error connecting to MongoDB: querySrv ECONNREFUSED _mongodb._tcp.proyect-ch.zgwmzwc.mongodb.net {"code":"ECONNREFUSED","hostname":"_mongodb._tcp.proyect-ch.zgwmzwc.mongodb.net","stack":"Error: querySrv ECONNREFUSED _mongodb._tcp.proyect-ch.zgwmzwc.mongodb.net\n    at QueryReqWrap.onresolve [as oncomplete] (node:internal/dns/promises:275:17)","syscall":"querySrv"}
error: undefined {"code":11000,"index":0,"keyPattern":{"code":1},"keyValue":{"code":null}}
error: undefined {"code":11000,"index":0,"keyPattern":{"code":1},"keyValue":{"code":null}}
error: undefined {"code":11000,"index":0,"keyPattern":{"code":1},"keyValue":{"code":null}}
error: undefined {"code":11000,"index":0,"keyPattern":{"code":1},"keyValue":{"code":null}}
error: undefined {"code":11000,"index":0,"keyPattern":{"code":1},"keyValue":{"code":null}}
error: undefined {"code":11000,"index":0,"keyPattern":{"code":1},"keyValue":{"code":null}}
error: undefined {"code":11000,"index":0,"keyPattern":{"code":1},"keyValue":{"code":null}}
error: undefined {"code":11000,"index":0,"keyPattern":{"code":1},"keyValue":{"code":null}}
error: undefined {"code":11000,"index":0,"keyPattern":{"code":1},"keyValue":{"code":null}}
error: undefined {"code":11000,"index":0,"keyPattern":{"code":1},"keyValue":{"code":null}}
error: undefined {"code":11000,"index":0,"keyPattern":{"code":1},"keyValue":{"code":null}}
error: undefined {"code":11000,"index":0,"keyPattern":{"code":1},"keyValue":{"code":null}}
error: undefined {"code":11000,"index":0,"keyPattern":{"code":1},"keyValue":{"code":null}}
error: undefined {"code":11000,"index":0,"keyPattern":{"code":1},"keyValue":{"code":null}}
error: undefined {"code":11000,"index":0,"keyPattern":{"code":1},"keyValue":{"code":null}}
error: Error in auth github
error: undefined {"_message":"users validation failed","errors":{"cart":{"kind":"required","message":"Path `cart` is required.","name":"ValidatorError","path":"cart","properties":{"message":"Path `cart` is required.","path":"cart","type":"required"}}}}
error: undefined
error: undefined
error: undefined
error: undefined
error: undefined
error: undefined {"kind":"string","path":"title","reason":null,"stringValue":"\"{ filter: '1' }\"","value":{"filter":"1"},"valueType":"Object"}
error: undefined {"kind":"string","path":"title","reason":null,"stringValue":"\"{ filter: '12' }\"","value":{"filter":"12"},"valueType":"Object"}
error: undefined {"kind":"string","path":"title","reason":null,"stringValue":"\"{ filter: '123' }\"","value":{"filter":"123"},"valueType":"Object"}
error: undefined {"kind":"string","path":"title","reason":null,"stringValue":"\"{ filter: '12' }\"","value":{"filter":"12"},"valueType":"Object"}
error: undefined {"kind":"string","path":"title","reason":null,"stringValue":"\"{ filter: '123' }\"","value":{"filter":"123"},"valueType":"Object"}
error: undefined {"$clusterTime":{"clusterTime":{"$timestamp":"7360054291425394741"},"signature":{"hash":"tVEIUc9q/YT2CcRXX5eX4/tZ+nw=","keyId":{"high":1706022366,"low":3,"unsigned":false}}},"code":27,"codeName":"IndexNotFound","ok":0,"operationTime":{"$timestamp":"7360054291425394741"}}
error: undefined {"$clusterTime":{"clusterTime":{"$timestamp":"7360054295720362000"},"signature":{"hash":"K5GrMN+lFD1/oYTChdPuxY1cUwQ=","keyId":{"high":1706022366,"low":3,"unsigned":false}}},"code":27,"codeName":"IndexNotFound","ok":0,"operationTime":{"$timestamp":"7360054295720362000"}}
error: undefined {"$clusterTime":{"clusterTime":{"$timestamp":"7360054317195198479"},"signature":{"hash":"niy2voZB1XLeciDx5TIl/pGwAhw=","keyId":{"high":1706022366,"low":3,"unsigned":false}}},"code":27,"codeName":"IndexNotFound","ok":0,"operationTime":{"$timestamp":"7360054317195198479"}}
error: undefined {"$clusterTime":{"clusterTime":{"$timestamp":"7360054321490165761"},"signature":{"hash":"BY/G58QTqLwKYiiSCgwviXskG8w=","keyId":{"high":1706022366,"low":3,"unsigned":false}}},"code":27,"codeName":"IndexNotFound","ok":0,"operationTime":{"$timestamp":"7360054321490165761"}}
error: undefined {"$clusterTime":{"clusterTime":{"$timestamp":"7360054321490165780"},"signature":{"hash":"BY/G58QTqLwKYiiSCgwviXskG8w=","keyId":{"high":1706022366,"low":3,"unsigned":false}}},"code":27,"codeName":"IndexNotFound","ok":0,"operationTime":{"$timestamp":"7360054321490165780"}}
error: undefined {"$clusterTime":{"clusterTime":{"$timestamp":"7360054321490165792"},"signature":{"hash":"BY/G58QTqLwKYiiSCgwviXskG8w=","keyId":{"high":1706022366,"low":3,"unsigned":false}}},"code":27,"codeName":"IndexNotFound","ok":0,"operationTime":{"$timestamp":"7360054321490165792"}}
error: undefined {"$clusterTime":{"clusterTime":{"$timestamp":"7360054321490165796"},"signature":{"hash":"BY/G58QTqLwKYiiSCgwviXskG8w=","keyId":{"high":1706022366,"low":3,"unsigned":false}}},"code":27,"codeName":"IndexNotFound","ok":0,"operationTime":{"$timestamp":"7360054321490165796"}}
error: undefined {"$clusterTime":{"clusterTime":{"$timestamp":"7360054321490165797"},"signature":{"hash":"BY/G58QTqLwKYiiSCgwviXskG8w=","keyId":{"high":1706022366,"low":3,"unsigned":false}}},"code":27,"codeName":"IndexNotFound","ok":0,"operationTime":{"$timestamp":"7360054321490165797"}}
error: undefined {"$clusterTime":{"clusterTime":{"$timestamp":"7360054325785133061"},"signature":{"hash":"4gaTZwacGEAEIbtXtf+ey9DAVQc=","keyId":{"high":1706022366,"low":3,"unsigned":false}}},"code":27,"codeName":"IndexNotFound","ok":0,"operationTime":{"$timestamp":"7360054325785133061"}}
error: undefined {"$clusterTime":{"clusterTime":{"$timestamp":"7360054325785133087"},"signature":{"hash":"4gaTZwacGEAEIbtXtf+ey9DAVQc=","keyId":{"high":1706022366,"low":3,"unsigned":false}}},"code":27,"codeName":"IndexNotFound","ok":0,"operationTime":{"$timestamp":"7360054325785133087"}}
error: undefined {"$clusterTime":{"clusterTime":{"$timestamp":"7360054330080100360"},"signature":{"hash":"Al+CMNfgNWQONVD5l5IEAA4jU4c=","keyId":{"high":1706022366,"low":3,"unsigned":false}}},"code":27,"codeName":"IndexNotFound","ok":0,"operationTime":{"$timestamp":"7360054330080100360"}}
error: undefined {"$clusterTime":{"clusterTime":{"$timestamp":"7360054330080100360"},"signature":{"hash":"Al+CMNfgNWQONVD5l5IEAA4jU4c=","keyId":{"high":1706022366,"low":3,"unsigned":false}}},"code":27,"codeName":"IndexNotFound","ok":0,"operationTime":{"$timestamp":"7360054330080100360"}}
error: undefined {"$clusterTime":{"clusterTime":{"$timestamp":"7360054330080100360"},"signature":{"hash":"Al+CMNfgNWQONVD5l5IEAA4jU4c=","keyId":{"high":1706022366,"low":3,"unsigned":false}}},"code":27,"codeName":"IndexNotFound","ok":0,"operationTime":{"$timestamp":"7360054330080100360"}}
error: undefined {"$clusterTime":{"clusterTime":{"$timestamp":"7360054390209642498"},"signature":{"hash":"28Mfau530e/T2knYlUMKLUnzPiE=","keyId":{"high":1706022366,"low":3,"unsigned":false}}},"code":27,"codeName":"IndexNotFound","ok":0,"operationTime":{"$timestamp":"7360054390209642498"}}
error: undefined {"$clusterTime":{"clusterTime":{"$timestamp":"7360054484698923043"},"signature":{"hash":"DuTl3cukdzmf1XWvGd4/xikOr38=","keyId":{"high":1706022366,"low":3,"unsigned":false}}},"code":2,"codeName":"BadValue","ok":0,"operationTime":{"$timestamp":"7360054484698923043"}}
error: undefined {"$clusterTime":{"clusterTime":{"$timestamp":"7360054484698923043"},"signature":{"hash":"DuTl3cukdzmf1XWvGd4/xikOr38=","keyId":{"high":1706022366,"low":3,"unsigned":false}}},"code":2,"codeName":"BadValue","ok":0,"operationTime":{"$timestamp":"7360054484698923043"}}
error: undefined {"$clusterTime":{"clusterTime":{"$timestamp":"7360054845476175893"},"signature":{"hash":"FC02iHwl7+gvct1YsUI1YjQjzS0=","keyId":{"high":1706022366,"low":3,"unsigned":false}}},"code":27,"codeName":"IndexNotFound","ok":0,"operationTime":{"$timestamp":"7360054845476175893"}}
error: undefined {"$clusterTime":{"clusterTime":{"$timestamp":"7360054849771143189"},"signature":{"hash":"Xx2UL8VQdMx2pG3aOJSlF6fSeaE=","keyId":{"high":1706022366,"low":3,"unsigned":false}}},"code":27,"codeName":"IndexNotFound","ok":0,"operationTime":{"$timestamp":"7360054849771143189"}}
error: undefined {"$clusterTime":{"clusterTime":{"$timestamp":"7360054849771143194"},"signature":{"hash":"Xx2UL8VQdMx2pG3aOJSlF6fSeaE=","keyId":{"high":1706022366,"low":3,"unsigned":false}}},"code":27,"codeName":"IndexNotFound","ok":0,"operationTime":{"$timestamp":"7360054849771143194"}}
error: undefined {"$clusterTime":{"clusterTime":{"$timestamp":"7360055025864802350"},"signature":{"hash":"kz8iOo0B5/uOTNHYvUtpXzBxJEI=","keyId":{"high":1706022366,"low":3,"unsigned":false}}},"code":2,"codeName":"BadValue","ok":0,"operationTime":{"$timestamp":"7360055025864802350"}}
error: undefined {"$clusterTime":{"clusterTime":{"$timestamp":"7360055030159769615"},"signature":{"hash":"YlXtV0qj/ly60lyzcrr98mNjBTY=","keyId":{"high":1706022366,"low":3,"unsigned":false}}},"code":2,"codeName":"BadValue","ok":0,"operationTime":{"$timestamp":"7360055030159769615"}}
error: undefined {"$clusterTime":{"clusterTime":{"$timestamp":"7360055043044671524"},"signature":{"hash":"5ID/EYUpIR0O7r+R5VOV6XViO5k=","keyId":{"high":1706022366,"low":3,"unsigned":false}}},"code":2,"codeName":"BadValue","ok":0,"operationTime":{"$timestamp":"7360055043044671524"}}
error: undefined {"$clusterTime":{"clusterTime":{"$timestamp":"7360055326512513053"},"signature":{"hash":"KYLp3oOptl5iZ0FBSol/rzEX5BI=","keyId":{"high":1706022366,"low":3,"unsigned":false}}},"code":27,"codeName":"IndexNotFound","ok":0,"operationTime":{"$timestamp":"7360055326512513053"}}
error: undefined {"$clusterTime":{"clusterTime":{"$timestamp":"7360055330807480333"},"signature":{"hash":"3AytjtsE4k6Efe+sbDOtanLtUEQ=","keyId":{"high":1706022366,"low":3,"unsigned":false}}},"code":27,"codeName":"IndexNotFound","ok":0,"operationTime":{"$timestamp":"7360055330807480333"}}
error: undefined {"$clusterTime":{"clusterTime":{"$timestamp":"7360055330807480348"},"signature":{"hash":"3AytjtsE4k6Efe+sbDOtanLtUEQ=","keyId":{"high":1706022366,"low":3,"unsigned":false}}},"code":27,"codeName":"IndexNotFound","ok":0,"operationTime":{"$timestamp":"7360055330807480348"}}
error: undefined {"$clusterTime":{"clusterTime":{"$timestamp":"7360055330807480355"},"signature":{"hash":"3AytjtsE4k6Efe+sbDOtanLtUEQ=","keyId":{"high":1706022366,"low":3,"unsigned":false}}},"code":27,"codeName":"IndexNotFound","ok":0,"operationTime":{"$timestamp":"7360055330807480355"}}
error: undefined {"$clusterTime":{"clusterTime":{"$timestamp":"7360055330807480357"},"signature":{"hash":"3AytjtsE4k6Efe+sbDOtanLtUEQ=","keyId":{"high":1706022366,"low":3,"unsigned":false}}},"code":27,"codeName":"IndexNotFound","ok":0,"operationTime":{"$timestamp":"7360055330807480357"}}
error: undefined {"$clusterTime":{"clusterTime":{"$timestamp":"7360055352282316805"},"signature":{"hash":"q26/zpZXjfMffo6oHoP1115hd7g=","keyId":{"high":1706022366,"low":3,"unsigned":false}}},"code":27,"codeName":"IndexNotFound","ok":0,"operationTime":{"$timestamp":"7360055352282316805"}}
error: undefined {"$clusterTime":{"clusterTime":{"$timestamp":"7360055352282316826"},"signature":{"hash":"q26/zpZXjfMffo6oHoP1115hd7g=","keyId":{"high":1706022366,"low":3,"unsigned":false}}},"code":27,"codeName":"IndexNotFound","ok":0,"operationTime":{"$timestamp":"7360055352282316826"}}
error: undefined {"$clusterTime":{"clusterTime":{"$timestamp":"7360055352282316826"},"signature":{"hash":"q26/zpZXjfMffo6oHoP1115hd7g=","keyId":{"high":1706022366,"low":3,"unsigned":false}}},"code":27,"codeName":"IndexNotFound","ok":0,"operationTime":{"$timestamp":"7360055352282316826"}}
error: undefined {"$clusterTime":{"clusterTime":{"$timestamp":"7360055352282316830"},"signature":{"hash":"q26/zpZXjfMffo6oHoP1115hd7g=","keyId":{"high":1706022366,"low":3,"unsigned":false}}},"code":27,"codeName":"IndexNotFound","ok":0,"operationTime":{"$timestamp":"7360055352282316830"}}
error: undefined {"$clusterTime":{"clusterTime":{"$timestamp":"7360055571325648898"},"signature":{"hash":"TCQED2KxCZRigmRwzTqOl5BQYTQ=","keyId":{"high":1706022366,"low":3,"unsigned":false}}},"code":27,"codeName":"IndexNotFound","ok":0,"operationTime":{"$timestamp":"7360055571325648898"}}
error: undefined {"$clusterTime":{"clusterTime":{"$timestamp":"7360055747419308058"},"signature":{"hash":"H9ZYi/AV5m5skW/bat3TW/M4w1A=","keyId":{"high":1706022366,"low":3,"unsigned":false}}},"code":2,"codeName":"BadValue","ok":0,"operationTime":{"$timestamp":"7360055747419308058"}}
error: undefined {"$clusterTime":{"clusterTime":{"$timestamp":"7360058079586549779"},"signature":{"hash":"xN4Jpp4h+xvidLj2KoJX9/FNtOA=","keyId":{"high":1706022366,"low":3,"unsigned":false}}},"code":16410,"codeName":"Location16410","ok":0,"operationTime":{"$timestamp":"7360058079586549779"}}
error: undefined {"$clusterTime":{"clusterTime":{"$timestamp":"7360058191255699480"},"signature":{"hash":"4mjux7XOryNRQSptRtK3uUboUug=","keyId":{"high":1706022366,"low":3,"unsigned":false}}},"code":16410,"codeName":"Location16410","ok":0,"operationTime":{"$timestamp":"7360058191255699480"}}
error: undefined {"kind":"string","path":"title","reason":null,"stringValue":"\"{ filter: '1' }\"","value":{"filter":"1"},"valueType":"Object"}
error: undefined
error: undefined
error: undefined
error: undefined {"$clusterTime":{"clusterTime":{"$timestamp":"7360146319689646102"},"signature":{"hash":"ainBG1Y3YTN/Gjx9vyy6ya+LOYU=","keyId":{"high":1706022366,"low":3,"unsigned":false}}},"code":27,"codeName":"IndexNotFound","ok":0,"operationTime":{"$timestamp":"7360146319689646102"}}
error: undefined {"$clusterTime":{"clusterTime":{"$timestamp":"7360146319689646117"},"signature":{"hash":"ainBG1Y3YTN/Gjx9vyy6ya+LOYU=","keyId":{"high":1706022366,"low":3,"unsigned":false}}},"code":27,"codeName":"IndexNotFound","ok":0,"operationTime":{"$timestamp":"7360146319689646117"}}
error: undefined {"$clusterTime":{"clusterTime":{"$timestamp":"7360146319689646119"},"signature":{"hash":"ainBG1Y3YTN/Gjx9vyy6ya+LOYU=","keyId":{"high":1706022366,"low":3,"unsigned":false}}},"code":27,"codeName":"IndexNotFound","ok":0,"operationTime":{"$timestamp":"7360146319689646119"}}
error: undefined {"$clusterTime":{"clusterTime":{"$timestamp":"7360146319689646131"},"signature":{"hash":"ainBG1Y3YTN/Gjx9vyy6ya+LOYU=","keyId":{"high":1706022366,"low":3,"unsigned":false}}},"code":27,"codeName":"IndexNotFound","ok":0,"operationTime":{"$timestamp":"7360146319689646131"}}
error: undefined {"$clusterTime":{"clusterTime":{"$timestamp":"7360146319689646140"},"signature":{"hash":"ainBG1Y3YTN/Gjx9vyy6ya+LOYU=","keyId":{"high":1706022366,"low":3,"unsigned":false}}},"code":27,"codeName":"IndexNotFound","ok":0,"operationTime":{"$timestamp":"7360146319689646140"}}
error: undefined {"kind":"string","path":"title","reason":null,"stringValue":"\"{ name: { '$wildcard': 'Men' } }\"","value":{"name":{"$wildcard":"Men"}},"valueType":"Object"}
error: undefined {"kind":"string","path":"title","reason":null,"stringValue":"\"{ name: { '$wildcard': 'Men' } }\"","value":{"name":{"$wildcard":"Men"}},"valueType":"Object"}
error: undefined {"$clusterTime":{"clusterTime":{"$timestamp":"7361174818328150023"},"signature":{"hash":"RNLx9C6rBhbU+YNUQwcYhj+TTXs=","keyId":{"high":1706022366,"low":3,"unsigned":false}}},"code":27,"codeName":"IndexNotFound","ok":0,"operationTime":{"$timestamp":"7361174818328150023"}}
error: undefined {"$clusterTime":{"clusterTime":{"$timestamp":"7361174818328150025"},"signature":{"hash":"RNLx9C6rBhbU+YNUQwcYhj+TTXs=","keyId":{"high":1706022366,"low":3,"unsigned":false}}},"code":27,"codeName":"IndexNotFound","ok":0,"operationTime":{"$timestamp":"7361174818328150025"}}
error: undefined
error: undefined
error: undefined
error: undefined
error: undefined {"$clusterTime":{"clusterTime":{"$timestamp":"7361180547814522894"},"signature":{"hash":"QaClVNwO43BNZ4bIBIAeX1MgC2c=","keyId":{"high":1706022366,"low":3,"unsigned":false}}},"code":14,"codeName":"TypeMismatch","ok":0,"operationTime":{"$timestamp":"7361180547814522894"}}
error: undefined {"$clusterTime":{"clusterTime":{"$timestamp":"7361180560699424805"},"signature":{"hash":"MdDX7kfm8wC6occadNRE6MGl90k=","keyId":{"high":1706022366,"low":3,"unsigned":false}}},"code":14,"codeName":"TypeMismatch","ok":0,"operationTime":{"$timestamp":"7361180560699424805"}}
error: undefined {"$clusterTime":{"clusterTime":{"$timestamp":"7361180560699424805"},"signature":{"hash":"MdDX7kfm8wC6occadNRE6MGl90k=","keyId":{"high":1706022366,"low":3,"unsigned":false}}},"code":14,"codeName":"TypeMismatch","ok":0,"operationTime":{"$timestamp":"7361180560699424805"}}
error: undefined {"$clusterTime":{"clusterTime":{"$timestamp":"7361180646598770714"},"signature":{"hash":"UbgL2LeC6TWClrAu90DwSMHkL10=","keyId":{"high":1706022366,"low":3,"unsigned":false}}},"code":14,"codeName":"TypeMismatch","ok":0,"operationTime":{"$timestamp":"7361180646598770714"}}
error: undefined {"$clusterTime":{"clusterTime":{"$timestamp":"7361180646598770716"},"signature":{"hash":"UbgL2LeC6TWClrAu90DwSMHkL10=","keyId":{"high":1706022366,"low":3,"unsigned":false}}},"code":14,"codeName":"TypeMismatch","ok":0,"operationTime":{"$timestamp":"7361180646598770716"}}
error: undefined {"$clusterTime":{"clusterTime":{"$timestamp":"7361180779742756880"},"signature":{"hash":"rWcpVfFjV4JfepZdEx1VZktKpw4=","keyId":{"high":1706022366,"low":3,"unsigned":false}}},"code":14,"codeName":"TypeMismatch","ok":0,"operationTime":{"$timestamp":"7361180779742756880"}}
error: undefined {"$clusterTime":{"clusterTime":{"$timestamp":"7361180844167266342"},"signature":{"hash":"8YCcfrWBXt7e5hLkgpDlvVthcmk=","keyId":{"high":1706022366,"low":3,"unsigned":false}}},"code":14,"codeName":"TypeMismatch","ok":0,"operationTime":{"$timestamp":"7361180844167266342"}}
error: undefined {"$clusterTime":{"clusterTime":{"$timestamp":"7361180848462233602"},"signature":{"hash":"VVY383wg/AUFMtvyjAEg2ON5Yss=","keyId":{"high":1706022366,"low":3,"unsigned":false}}},"code":14,"codeName":"TypeMismatch","ok":0,"operationTime":{"$timestamp":"7361180848462233602"}}
error: undefined
error: undefined
error: undefined
error: undefined
error: undefined
error: undefined
error: undefined {"$clusterTime":{"clusterTime":{"$timestamp":"7361294162584403999"},"signature":{"hash":"Zb1wfN/IZbqAAL/pGWs+44yGHRI=","keyId":{"high":1706022366,"low":3,"unsigned":false}}},"code":2,"codeName":"BadValue","ok":0,"operationTime":{"$timestamp":"7361294162584403999"}}
error: undefined {"$clusterTime":{"clusterTime":{"$timestamp":"7361294166879371281"},"signature":{"hash":"mXEG67XRSX2h0zMI8v98l5ADi9Y=","keyId":{"high":1706022366,"low":3,"unsigned":false}}},"code":2,"codeName":"BadValue","ok":0,"operationTime":{"$timestamp":"7361294166879371281"}}
error: undefined {"kind":"string","path":"$text.$search","stringValue":"\"{ '$text': { '$search': 'men' } }\"","value":{"$text":{"$search":"men"}},"valueType":"Object"}
error: undefined {"kind":"string","path":"$text.$search","stringValue":"\"{ '$text': { '$search': 'men' } }\"","value":{"$text":{"$search":"men"}},"valueType":"Object"}
error: undefined {"kind":"string","path":"$text.$search","stringValue":"\"{ '$text': { '$search': 'men' } }\"","value":{"$text":{"$search":"men"}},"valueType":"Object"}
error: undefined {"kind":"string","path":"$text.$search","stringValue":"\"{ '$text': { '$search': 'men' } }\"","value":{"$text":{"$search":"men"}},"valueType":"Object"}
error: undefined {"kind":"string","path":"$text.$search","stringValue":"\"{ '$text': { '$search': 'men' } }\"","value":{"$text":{"$search":"men"}},"valueType":"Object"}
error: undefined {"kind":"string","path":"$text.$search","stringValue":"\"{ '$text': { '$search': 'men' } }\"","value":{"$text":{"$search":"men"}},"valueType":"Object"}
error: undefined {"kind":"string","path":"$text.$search","stringValue":"\"{ '$text': { '$search': 'men' } }\"","value":{"$text":{"$search":"men"}},"valueType":"Object"}
error: undefined {"kind":"string","path":"$text.$search","stringValue":"\"{ '$text': { '$search': 'men' } }\"","value":{"$text":{"$search":"men"}},"valueType":"Object"}
error: undefined {"kind":"string","path":"$text.$search","stringValue":"\"{}\"","value":{},"valueType":"Object"}
error: undefined {"kind":"string","path":"$text.$search","stringValue":"\"{}\"","value":{},"valueType":"Object"}
error: undefined
error: undefined
error: undefined {"$clusterTime":{"clusterTime":{"$timestamp":"7361297405284712450"},"signature":{"hash":"RVuK4pCpWe0GMI37BWQidu1bgHM=","keyId":{"high":1706022366,"low":3,"unsigned":false}}},"code":4,"codeName":"NoSuchKey","ok":0,"operationTime":{"$timestamp":"7361297405284712450"}}
error: undefined {"$clusterTime":{"clusterTime":{"$timestamp":"7361297405284712455"},"signature":{"hash":"RVuK4pCpWe0GMI37BWQidu1bgHM=","keyId":{"high":1706022366,"low":3,"unsigned":false}}},"code":4,"codeName":"NoSuchKey","ok":0,"operationTime":{"$timestamp":"7361297405284712455"}}
error: undefined {"$clusterTime":{"clusterTime":{"$timestamp":"7361298302932877329"},"signature":{"hash":"lomCKMd6J0DWGpk9PnVO1cA8Wi0=","keyId":{"high":1706022366,"low":3,"unsigned":false}}},"code":4,"codeName":"NoSuchKey","ok":0,"operationTime":{"$timestamp":"7361298302932877329"}}
error: undefined {"$clusterTime":{"clusterTime":{"$timestamp":"7361298302932877329"},"signature":{"hash":"lomCKMd6J0DWGpk9PnVO1cA8Wi0=","keyId":{"high":1706022366,"low":3,"unsigned":false}}},"code":4,"codeName":"NoSuchKey","ok":0,"operationTime":{"$timestamp":"7361298302932877329"}}
error: undefined {"$clusterTime":{"clusterTime":{"$timestamp":"7361540436009156628"},"signature":{"hash":"qnAEK7YCuEtSTXK6DuinXRvY/Nw=","keyId":{"high":1706022366,"low":3,"unsigned":false}}},"code":4,"codeName":"NoSuchKey","ok":0,"operationTime":{"$timestamp":"7361540436009156628"}}
error: undefined {"$clusterTime":{"clusterTime":{"$timestamp":"7361540547678306334"},"signature":{"hash":"O+m5AqEgUeYDNGtSN7FWJNC8/UY=","keyId":{"high":1706022366,"low":3,"unsigned":false}}},"code":4,"codeName":"NoSuchKey","ok":0,"operationTime":{"$timestamp":"7361540547678306334"}}
error: undefined {"$clusterTime":{"clusterTime":{"$timestamp":"7361540642167586831"},"signature":{"hash":"IW59bkjGiiIPNIZm+gW2jd6TMFE=","keyId":{"high":1706022366,"low":3,"unsigned":false}}},"code":2,"codeName":"BadValue","ok":0,"operationTime":{"$timestamp":"7361540642167586831"}}
error: undefined
error: undefined
error: undefined
error: undefined
error: undefined
error: undefined
error: undefined
error: undefined
error: undefined {"kind":"Number","path":"cID","reason":{"actual":false,"code":"ERR_ASSERTION","expected":true,"generatedMessage":true,"operator":"=="},"stringValue":"\"undefined\"","value":"undefined","valueType":"string"}
error: undefined {"kind":"Number","path":"cID","reason":{"actual":false,"code":"ERR_ASSERTION","expected":true,"generatedMessage":true,"operator":"=="},"stringValue":"\"undefined\"","value":"undefined","valueType":"string"}
error: undefined {"kind":"Number","path":"cID","reason":{"actual":false,"code":"ERR_ASSERTION","expected":true,"generatedMessage":true,"operator":"=="},"stringValue":"\"undefined\"","value":"undefined","valueType":"string"}
error: undefined {"kind":"Number","path":"cID","reason":{"actual":false,"code":"ERR_ASSERTION","expected":true,"generatedMessage":true,"operator":"=="},"stringValue":"\"undefined\"","value":"undefined","valueType":"string"}
error: undefined {"kind":"Number","path":"cID","reason":{"actual":false,"code":"ERR_ASSERTION","expected":true,"generatedMessage":true,"operator":"=="},"stringValue":"\"undefined\"","value":"undefined","valueType":"string"}
error: undefined {"kind":"Number","path":"cID","reason":{"actual":false,"code":"ERR_ASSERTION","expected":true,"generatedMessage":true,"operator":"=="},"stringValue":"\"undefined\"","value":"undefined","valueType":"string"}
error: undefined {"kind":"Number","path":"cID","reason":{"actual":false,"code":"ERR_ASSERTION","expected":true,"generatedMessage":true,"operator":"=="},"stringValue":"\"undefined\"","value":"undefined","valueType":"string"}
error: undefined {"kind":"Number","path":"cID","reason":{"actual":false,"code":"ERR_ASSERTION","expected":true,"generatedMessage":true,"operator":"=="},"stringValue":"\"undefined\"","value":"undefined","valueType":"string"}
error: undefined {"kind":"Number","path":"cID","reason":{"actual":false,"code":"ERR_ASSERTION","expected":true,"generatedMessage":true,"operator":"=="},"stringValue":"\"undefined\"","value":"undefined","valueType":"string"}
error: undefined {"kind":"Number","path":"cID","reason":{"actual":false,"code":"ERR_ASSERTION","expected":true,"generatedMessage":true,"operator":"=="},"stringValue":"\"undefined\"","value":"undefined","valueType":"string"}
error: undefined {"kind":"Number","path":"cID","reason":{"actual":false,"code":"ERR_ASSERTION","expected":true,"generatedMessage":true,"operator":"=="},"stringValue":"\"undefined\"","value":"undefined","valueType":"string"}
error: undefined {"kind":"Number","path":"cID","reason":{"actual":false,"code":"ERR_ASSERTION","expected":true,"generatedMessage":true,"operator":"=="},"stringValue":"\"undefined\"","value":"undefined","valueType":"string"}
error: undefined {"kind":"Number","path":"cID","reason":{"actual":false,"code":"ERR_ASSERTION","expected":true,"generatedMessage":true,"operator":"=="},"stringValue":"\"undefined\"","value":"undefined","valueType":"string"}
error: undefined {"kind":"Number","path":"cID","reason":{"actual":false,"code":"ERR_ASSERTION","expected":true,"generatedMessage":true,"operator":"=="},"stringValue":"\"undefined\"","value":"undefined","valueType":"string"}
error: undefined {"kind":"Number","path":"cID","reason":{"actual":false,"code":"ERR_ASSERTION","expected":true,"generatedMessage":true,"operator":"=="},"stringValue":"\"undefined\"","value":"undefined","valueType":"string"}
error: undefined {"kind":"Number","path":"cID","reason":{"actual":false,"code":"ERR_ASSERTION","expected":true,"generatedMessage":true,"operator":"=="},"stringValue":"\"undefined\"","value":"undefined","valueType":"string"}
error: undefined {"kind":"Number","path":"cID","reason":{"actual":false,"code":"ERR_ASSERTION","expected":true,"generatedMessage":true,"operator":"=="},"stringValue":"\"undefined\"","value":"undefined","valueType":"string"}
error: undefined {"kind":"Number","path":"cID","reason":{"actual":false,"code":"ERR_ASSERTION","expected":true,"generatedMessage":true,"operator":"=="},"stringValue":"\"undefined\"","value":"undefined","valueType":"string"}
error: undefined {"kind":"Number","path":"cID","reason":{"actual":false,"code":"ERR_ASSERTION","expected":true,"generatedMessage":true,"operator":"=="},"stringValue":"\"undefined\"","value":"undefined","valueType":"string"}
error: undefined {"kind":"Number","path":"cID","reason":{"actual":false,"code":"ERR_ASSERTION","expected":true,"generatedMessage":true,"operator":"=="},"stringValue":"\"undefined\"","value":"undefined","valueType":"string"}
error: undefined {"kind":"Number","path":"cID","reason":{"actual":false,"code":"ERR_ASSERTION","expected":true,"generatedMessage":true,"operator":"=="},"stringValue":"\"undefined\"","value":"undefined","valueType":"string"}
error: undefined {"kind":"Number","path":"cID","reason":{"actual":false,"code":"ERR_ASSERTION","expected":true,"generatedMessage":true,"operator":"=="},"stringValue":"\"undefined\"","value":"undefined","valueType":"string"}
error: undefined {"kind":"Number","path":"cID","reason":{"actual":false,"code":"ERR_ASSERTION","expected":true,"generatedMessage":true,"operator":"=="},"stringValue":"\"undefined\"","value":"undefined","valueType":"string"}
error: undefined {"kind":"Number","path":"cID","reason":{"actual":false,"code":"ERR_ASSERTION","expected":true,"generatedMessage":true,"operator":"=="},"stringValue":"\"undefined\"","value":"undefined","valueType":"string"}
error: undefined {"kind":"Number","path":"cID","reason":{"actual":false,"code":"ERR_ASSERTION","expected":true,"generatedMessage":true,"operator":"=="},"stringValue":"\"undefined\"","value":"undefined","valueType":"string"}
error: undefined {"kind":"Number","path":"cID","reason":{"actual":false,"code":"ERR_ASSERTION","expected":true,"generatedMessage":true,"operator":"=="},"stringValue":"\"undefined\"","value":"undefined","valueType":"string"}
error: undefined {"kind":"Number","path":"cID","reason":{"actual":false,"code":"ERR_ASSERTION","expected":true,"generatedMessage":true,"operator":"=="},"stringValue":"\"undefined\"","value":"undefined","valueType":"string"}
error: undefined {"kind":"Number","path":"cID","reason":{"actual":false,"code":"ERR_ASSERTION","expected":true,"generatedMessage":true,"operator":"=="},"stringValue":"\"undefined\"","value":"undefined","valueType":"string"}
error: undefined {"kind":"Number","path":"cID","reason":{"actual":false,"code":"ERR_ASSERTION","expected":true,"generatedMessage":true,"operator":"=="},"stringValue":"\"undefined\"","value":"undefined","valueType":"string"}
error: undefined {"kind":"Number","path":"cID","reason":{"actual":false,"code":"ERR_ASSERTION","expected":true,"generatedMessage":true,"operator":"=="},"stringValue":"\"undefined\"","value":"undefined","valueType":"string"}
error: undefined {"kind":"Number","path":"cID","reason":{"actual":false,"code":"ERR_ASSERTION","expected":true,"generatedMessage":true,"operator":"=="},"stringValue":"\"undefined\"","value":"undefined","valueType":"string"}
error: undefined {"kind":"Number","path":"cID","reason":{"actual":false,"code":"ERR_ASSERTION","expected":true,"generatedMessage":true,"operator":"=="},"stringValue":"\"undefined\"","value":"undefined","valueType":"string"}
error: undefined {"kind":"Number","path":"cID","reason":{"actual":false,"code":"ERR_ASSERTION","expected":true,"generatedMessage":true,"operator":"=="},"stringValue":"\"undefined\"","value":"undefined","valueType":"string"}
error: undefined {"kind":"Number","path":"cID","reason":{"actual":false,"code":"ERR_ASSERTION","expected":true,"generatedMessage":true,"operator":"=="},"stringValue":"\"undefined\"","value":"undefined","valueType":"string"}
error: undefined {"kind":"Number","path":"cID","reason":{"actual":false,"code":"ERR_ASSERTION","expected":true,"generatedMessage":true,"operator":"=="},"stringValue":"\"undefined\"","value":"undefined","valueType":"string"}
error: undefined {"kind":"Number","path":"cID","reason":{"actual":false,"code":"ERR_ASSERTION","expected":true,"generatedMessage":true,"operator":"=="},"stringValue":"\"undefined\"","value":"undefined","valueType":"string"}
error: undefined {"kind":"Number","path":"cID","reason":{"actual":false,"code":"ERR_ASSERTION","expected":true,"generatedMessage":true,"operator":"=="},"stringValue":"\"undefined\"","value":"undefined","valueType":"string"}
error: undefined {"kind":"Number","path":"cID","reason":{"actual":false,"code":"ERR_ASSERTION","expected":true,"generatedMessage":true,"operator":"=="},"stringValue":"\"undefined\"","value":"undefined","valueType":"string"}
error: undefined {"kind":"Number","path":"cID","reason":{"actual":false,"code":"ERR_ASSERTION","expected":true,"generatedMessage":true,"operator":"=="},"stringValue":"\"undefined\"","value":"undefined","valueType":"string"}
error: undefined {"kind":"Number","path":"cID","reason":{"actual":false,"code":"ERR_ASSERTION","expected":true,"generatedMessage":true,"operator":"=="},"stringValue":"\"undefined\"","value":"undefined","valueType":"string"}
error: undefined {"kind":"Number","path":"cID","reason":{"actual":false,"code":"ERR_ASSERTION","expected":true,"generatedMessage":true,"operator":"=="},"stringValue":"\"undefined\"","value":"undefined","valueType":"string"}
error: undefined {"kind":"Number","path":"cID","reason":{"actual":false,"code":"ERR_ASSERTION","expected":true,"generatedMessage":true,"operator":"=="},"stringValue":"\"undefined\"","value":"undefined","valueType":"string"}
error: undefined {"kind":"Number","path":"cID","reason":{"actual":false,"code":"ERR_ASSERTION","expected":true,"generatedMessage":true,"operator":"=="},"stringValue":"\"undefined\"","value":"undefined","valueType":"string"}
error: undefined {"kind":"Number","path":"cID","reason":{"actual":false,"code":"ERR_ASSERTION","expected":true,"generatedMessage":true,"operator":"=="},"stringValue":"\"undefined\"","value":"undefined","valueType":"string"}
error: undefined
error: undefined
error: undefined
error: undefined {"kind":"Number","path":"cID","reason":{"actual":false,"code":"ERR_ASSERTION","expected":true,"generatedMessage":true,"operator":"=="},"stringValue":"\"undefined\"","value":"undefined","valueType":"string"}
error: undefined
error: undefined
error: undefined
error: undefined
error: undefined {"kind":"Number","path":"cID","reason":{"actual":false,"code":"ERR_ASSERTION","expected":true,"generatedMessage":true,"operator":"=="},"stringValue":"\"undefined\"","value":"undefined","valueType":"string"}
error: undefined {"kind":"Number","path":"cID","reason":{"actual":false,"code":"ERR_ASSERTION","expected":true,"generatedMessage":true,"operator":"=="},"stringValue":"\"undefined\"","value":"undefined","valueType":"string"}
error: undefined {"kind":"Number","path":"cID","reason":{"actual":false,"code":"ERR_ASSERTION","expected":true,"generatedMessage":true,"operator":"=="},"stringValue":"\"undefined\"","value":"undefined","valueType":"string"}
error: undefined {"kind":"Number","path":"cID","reason":{"actual":false,"code":"ERR_ASSERTION","expected":true,"generatedMessage":true,"operator":"=="},"stringValue":"\"undefined\"","value":"undefined","valueType":"string"}
error: undefined {"kind":"Number","path":"cID","reason":{"actual":false,"code":"ERR_ASSERTION","expected":true,"generatedMessage":true,"operator":"=="},"stringValue":"\"undefined\"","value":"undefined","valueType":"string"}
error: undefined {"kind":"Number","path":"cID","reason":{"actual":false,"code":"ERR_ASSERTION","expected":true,"generatedMessage":true,"operator":"=="},"stringValue":"\"undefined\"","value":"undefined","valueType":"string"}
error: undefined {"kind":"Number","path":"cID","reason":{"actual":false,"code":"ERR_ASSERTION","expected":true,"generatedMessage":true,"operator":"=="},"stringValue":"\"undefined\"","value":"undefined","valueType":"string"}
error: undefined {"kind":"Number","path":"cID","reason":{"actual":false,"code":"ERR_ASSERTION","expected":true,"generatedMessage":true,"operator":"=="},"stringValue":"\"undefined\"","value":"undefined","valueType":"string"}
error: undefined {"kind":"Number","path":"cID","reason":{"actual":false,"code":"ERR_ASSERTION","expected":true,"generatedMessage":true,"operator":"=="},"stringValue":"\"undefined\"","value":"undefined","valueType":"string"}
error: undefined {"kind":"Number","path":"cID","reason":{"actual":false,"code":"ERR_ASSERTION","expected":true,"generatedMessage":true,"operator":"=="},"stringValue":"\"undefined\"","value":"undefined","valueType":"string"}
error: undefined {"kind":"Number","path":"cID","reason":{"actual":false,"code":"ERR_ASSERTION","expected":true,"generatedMessage":true,"operator":"=="},"stringValue":"\"undefined\"","value":"undefined","valueType":"string"}
error: undefined {"kind":"Number","path":"cID","reason":{"actual":false,"code":"ERR_ASSERTION","expected":true,"generatedMessage":true,"operator":"=="},"stringValue":"\"undefined\"","value":"undefined","valueType":"string"}
error: undefined {"kind":"Number","path":"cID","reason":{"actual":false,"code":"ERR_ASSERTION","expected":true,"generatedMessage":true,"operator":"=="},"stringValue":"\"undefined\"","value":"undefined","valueType":"string"}
error: undefined {"kind":"Number","path":"cID","reason":{"actual":false,"code":"ERR_ASSERTION","expected":true,"generatedMessage":true,"operator":"=="},"stringValue":"\"undefined\"","value":"undefined","valueType":"string"}
error: undefined {"kind":"Number","path":"cID","reason":{"actual":false,"code":"ERR_ASSERTION","expected":true,"generatedMessage":true,"operator":"=="},"stringValue":"\"undefined\"","value":"undefined","valueType":"string"}
